[2021-08-09 18:03:05] SlimMonoLogger.CRITICAL: PDOException: SQLSTATE[28000] [1045] Access denied for user 'root'@'localhost' (using password: NO) in /home1/abhicenation/news.letstalkinbound.com/src/framework/PDO/Database.php:34
Stack trace:
#0 /home1/abhicenation/news.letstalkinbound.com/src/framework/PDO/Database.php(34): PDO->__construct('mysql:host=loca...', '', '', Array)
#1 /home1/abhicenation/news.letstalkinbound.com/src/dependencies.php(76): Slim\PDO\Database->__construct('mysql:host=loca...', '', '')
#2 /home1/abhicenation/news.letstalkinbound.com/src/framework/Helper/Set.php(228): {closure}(Object(Slim\Helper\Set))
#3 /home1/abhicenation/news.letstalkinbound.com/src/framework/Helper/Set.php(88): Slim\Helper\Set->Slim\Helper\{closure}(Object(Slim\Helper\Set))
#4 /home1/abhicenation/news.letstalkinbound.com/src/framework/Slim.php(232): Slim\Helper\Set->get('db')
#5 /home1/abhicenation/news.letstalkinbound.com/src/models/Model.php(176): Slim\Slim->__get('db')
#6 /home1/abhicenation/news.letstalkinbound.com/src/models/OptionModel.php(180): spark\models\Model->select(Array)
#7 /home1/abhicenation/news.letstalkinbound.com/src/models/OptionModel.php(40): spark\models\OptionModel->autoloadOptions()
#8 /home1/abhicenation/news.letstalkinbound.com/src/dependencies.php(99): spark\models\OptionModel->__construct()
#9 /home1/abhicenation/news.letstalkinbound.com/src/framework/Helper/Set.php(228): {closure}(Object(Slim\Helper\Set))
#10 /home1/abhicenation/news.letstalkinbound.com/src/framework/Helper/Set.php(88): Slim\Helper\Set->Slim\Helper\{closure}(Object(Slim\Helper\Set))
#11 /home1/abhicenation/news.letstalkinbound.com/src/framework/Slim.php(232): Slim\Helper\Set->get('options')
#12 /home1/abhicenation/news.letstalkinbound.com/src/drivers/Views/ThemeManager.php(34): Slim\Slim->__get('options')
#13 /home1/abhicenation/news.letstalkinbound.com/src/dependencies.php(142): spark\drivers\Views\ThemeManager->initEngine()
#14 /home1/abhicenation/news.letstalkinbound.com/src/bootstrap.php(70): require('/home1/abhicena...')
#15 /home1/abhicenation/news.letstalkinbound.com/index.php(4): require('/home1/abhicena...')
#16 {main} [] []
[2021-08-09 18:03:50] SlimMonoLogger.CRITICAL: PDOException: SQLSTATE[28000] [1045] Access denied for user 'root'@'localhost' (using password: NO) in /home1/abhicenation/news.letstalkinbound.com/src/framework/PDO/Database.php:34
Stack trace:
#0 /home1/abhicenation/news.letstalkinbound.com/src/framework/PDO/Database.php(34): PDO->__construct('mysql:host=loca...', '', '', Array)
#1 /home1/abhicenation/news.letstalkinbound.com/src/dependencies.php(76): Slim\PDO\Database->__construct('mysql:host=loca...', '', '')
#2 /home1/abhicenation/news.letstalkinbound.com/src/framework/Helper/Set.php(228): {closure}(Object(Slim\Helper\Set))
#3 /home1/abhicenation/news.letstalkinbound.com/src/framework/Helper/Set.php(88): Slim\Helper\Set->Slim\Helper\{closure}(Object(Slim\Helper\Set))
#4 /home1/abhicenation/news.letstalkinbound.com/src/framework/Slim.php(232): Slim\Helper\Set->get('db')
#5 /home1/abhicenation/news.letstalkinbound.com/src/models/Model.php(176): Slim\Slim->__get('db')
#6 /home1/abhicenation/news.letstalkinbound.com/src/models/OptionModel.php(180): spark\models\Model->select(Array)
#7 /home1/abhicenation/news.letstalkinbound.com/src/models/OptionModel.php(40): spark\models\OptionModel->autoloadOptions()
#8 /home1/abhicenation/news.letstalkinbound.com/src/dependencies.php(99): spark\models\OptionModel->__construct()
#9 /home1/abhicenation/news.letstalkinbound.com/src/framework/Helper/Set.php(228): {closure}(Object(Slim\Helper\Set))
#10 /home1/abhicenation/news.letstalkinbound.com/src/framework/Helper/Set.php(88): Slim\Helper\Set->Slim\Helper\{closure}(Object(Slim\Helper\Set))
#11 /home1/abhicenation/news.letstalkinbound.com/src/framework/Slim.php(232): Slim\Helper\Set->get('options')
#12 /home1/abhicenation/news.letstalkinbound.com/src/drivers/Views/ThemeManager.php(34): Slim\Slim->__get('options')
#13 /home1/abhicenation/news.letstalkinbound.com/src/dependencies.php(142): spark\drivers\Views\ThemeManager->initEngine()
#14 /home1/abhicenation/news.letstalkinbound.com/src/bootstrap.php(70): require('/home1/abhicena...')
#15 /home1/abhicenation/news.letstalkinbound.com/index.php(4): require('/home1/abhicena...')
#16 {main} [] []
